<?xml version="1.0" encoding="UTF-8"?>
<!-- Generated by org.testng.reporters.JUnitReportReporter -->
<testsuite hostname="OCNSY-23" failures="2" tests="3" name="runner.LoginRunner" time="15.334" errors="0" timestamp="2025-04-01T19:21:17 IST" skipped="0">
  <testcase classname="runner.LoginRunner" name="runScenario" time="6.210">
    <failure message="login page issue" type="java.lang.AssertionError">
      <![CDATA[java.lang.AssertionError: login page issue
at org.testng.Assert.fail(Assert.java:111)
at stepDefinition.LoginStepDefinition.clickSubmitButton(LoginStepDefinition.java:46)
at ✽.click submit button(file:///C:/Users/ocean/git/cucumber-learning/src/test/resources/Features/loginPage.feature:20)
]]>
    </failure>
  </testcase> <!-- runScenario -->
  <testcase classname="runner.LoginRunner" name="runScenario" time="4.136">
    <failure message="login page issue" type="java.lang.AssertionError">
      <![CDATA[java.lang.AssertionError: login page issue
at org.testng.Assert.fail(Assert.java:111)
at stepDefinition.LoginStepDefinition.clickSubmitButton(LoginStepDefinition.java:46)
at ✽.click submit button(file:///C:/Users/ocean/git/cucumber-learning/src/test/resources/Features/loginPage.feature:14)
]]>
    </failure>
  </testcase> <!-- runScenario -->
  <testcase classname="runner.LoginRunner" name="runScenario" time="4.988"/>
</testsuite> <!-- runner.LoginRunner -->
